<?xml version="1.0" encoding="UTF-8"?>
<!-- Generated by org.testng.reporters.JUnitXMLReporter -->
<testsuite ignored="0" hostname="WBOX42" failures="0" tests="6" name="Default test" time="86.144" errors="0" timestamp="2024-02-14T10:04:28 IST">
  <testcase classname="endtoend.Create_Edit_delete_waitlist" name="createWaitList" time="12.259"/>
  <testcase classname="endtoend.Create_Edit_delete_waitlist" name="deleteParty" time="14.189"/>
  <testcase classname="endtoend.Create_Edit_delete_waitlist" name="checkHistory" time="4.21"/>
  <testcase classname="endtoend.Create_Edit_delete_waitlist" name="restoreParty" time="3.027"/>
  <testcase classname="endtoend.Create_Edit_delete_waitlist" name="editParty" time="22.139"/>
  <testcase classname="endtoend.Create_Edit_delete_waitlist" name="restoreEditParty" time="23.021"/>
</testsuite> <!-- Default test -->
