<?xml version="1.0" encoding="UTF-8"?>
<!-- Generated by org.testng.reporters.JUnitXMLReporter -->
<testsuite ignored="0" hostname="WBOX42" failures="0" tests="7" name="Default test" time="152.955" errors="0" timestamp="2024-02-15T14:45:17 IST">
  <testcase classname="endtoend.CreateEditDeleteEtaWaitlist" name="createWaitList" time="11.879"/>
  <testcase classname="endtoend.CreateEditDeleteEtaWaitlist" name="deleteParty" time="30.596"/>
  <testcase classname="endtoend.CreateEditDeleteEtaWaitlist" name="checkHistory" time="10.646"/>
  <testcase classname="endtoend.CreateEditDeleteEtaWaitlist" name="restoreParty" time="4.009"/>
  <testcase classname="endtoend.CreateEditDeleteEtaWaitlist" name="editParty" time="37.871"/>
  <testcase classname="endtoend.CreateEditDeleteEtaWaitlist" name="restoreEditParty" time="38.826"/>
  <testcase classname="endtoend.CreateEditDeleteEtaWaitlist" name="logout" time="10.24"/>
</testsuite> <!-- Default test -->
