<?xml version="1.0" encoding="UTF-8"?>
<!-- Generated by org.testng.reporters.JUnitXMLReporter -->
<testsuite ignored="0" hostname="WBOX42" failures="0" tests="10" name="Test" time="107.437" errors="0" timestamp="2024-01-20T11:23:59 IST">
  <testcase classname="endtoend.Create_Edit_delete_waitlist" name="createWaitList" time="16.957"/>
  <testcase classname="endtoend.Create_Edit_delete_waitlist" name="deleteParty" time="12.498"/>
  <testcase classname="endtoend.Create_Edit_delete_waitlist" name="checkHistory" time="4.206"/>
  <testcase classname="endtoend.Create_Edit_delete_waitlist" name="restoreParty" time="8.903"/>
  <testcase classname="endtoend.Create_Edit_delete_waitlist" name="editParty" time="7.37"/>
  <testcase classname="endtoend.CreateEditDeleteEtaWaitlist" name="createWaitList" time="12.825"/>
  <testcase classname="endtoend.CreateEditDeleteEtaWaitlist" name="deleteParty" time="4.61"/>
  <testcase classname="endtoend.CreateEditDeleteEtaWaitlist" name="checkHistory" time="6.228"/>
  <testcase classname="endtoend.CreateEditDeleteEtaWaitlist" name="restoreParty" time="6.261"/>
  <testcase classname="endtoend.CreateEditDeleteEtaWaitlist" name="editParty" time="9.04"/>
</testsuite> <!-- Test -->
