<?xml version="1.0" encoding="UTF-8"?>
<!-- Generated by org.testng.reporters.JUnitXMLReporter -->
<testsuite ignored="0" hostname="WBOX42" failures="0" tests="3" name="Test" time="38.457" errors="0" timestamp="2024-01-16T13:25:29 IST">
  <testcase classname="endtoend.LoginScenarios" name="validCredentials" time="4.165"/>
  <testcase classname="endtoend.LoginScenarios" name="invalidPassword" time="4.913"/>
  <testcase classname="endtoend.LoginScenarios" name="invalidEmail" time="3.384"/>
</testsuite> <!-- Test -->
