<?xml version="1.0" encoding="UTF-8"?>
<!-- Generated by org.testng.reporters.JUnitXMLReporter -->
<testsuite ignored="0" hostname="WBOX42" failures="0" tests="10" name="Test" time="170.399" errors="0" timestamp="2024-01-22T18:03:21 IST">
  <testcase classname="endtoend.Create_Edit_delete_waitlist" name="createWaitList" time="17.188"/>
  <testcase classname="endtoend.Create_Edit_delete_waitlist" name="deleteParty" time="18.681"/>
  <testcase classname="endtoend.Create_Edit_delete_waitlist" name="checkHistory" time="4.781"/>
  <testcase classname="endtoend.Create_Edit_delete_waitlist" name="restoreParty" time="7.094"/>
  <testcase classname="endtoend.Create_Edit_delete_waitlist" name="editParty" time="25.174"/>
  <testcase classname="endtoend.CreateEditDeleteEtaWaitlist" name="createWaitList" time="15.286"/>
  <testcase classname="endtoend.CreateEditDeleteEtaWaitlist" name="deleteParty" time="15.396"/>
  <testcase classname="endtoend.CreateEditDeleteEtaWaitlist" name="checkHistory" time="9.708"/>
  <testcase classname="endtoend.CreateEditDeleteEtaWaitlist" name="restoreParty" time="14.261"/>
  <testcase classname="endtoend.CreateEditDeleteEtaWaitlist" name="editParty" time="26.605"/>
</testsuite> <!-- Test -->
