<?xml version="1.0" encoding="UTF-8"?>
<testng-results ignored="0" total="1" passed="1" failed="0" skipped="0">
  <reporter-output>
  </reporter-output>
  <suite started-at="2024-01-16T11:10:08 IST" name="Suite" finished-at="2024-01-16T11:10:25 IST" duration-ms="17407">
    <groups>
    </groups>
    <test started-at="2024-01-16T11:10:08 IST" name="Test" finished-at="2024-01-16T11:10:25 IST" duration-ms="17407">
      <class name="endtoend.LoginScenarios">
        <test-method is-config="true" signature="executeBeforeClass()[pri:0, instance:endtoend.LoginScenarios@5ee2b6f9]" started-at="2024-01-16T11:10:08 IST" name="executeBeforeClass" finished-at="2024-01-16T11:10:17 IST" duration-ms="9677" status="PASS">
          <reporter-output>
          </reporter-output>
        </test-method> <!-- executeBeforeClass -->
        <test-method signature="validCredentials()[pri:1, instance:endtoend.LoginScenarios@5ee2b6f9]" started-at="2024-01-16T11:10:17 IST" name="validCredentials" finished-at="2024-01-16T11:10:24 IST" duration-ms="7159" status="PASS">
          <reporter-output>
          </reporter-output>
        </test-method> <!-- validCredentials -->
        <test-method is-config="true" signature="executeAfterClass()[pri:0, instance:endtoend.LoginScenarios@5ee2b6f9]" started-at="2024-01-16T11:10:24 IST" name="executeAfterClass" finished-at="2024-01-16T11:10:25 IST" duration-ms="506" status="PASS">
          <reporter-output>
          </reporter-output>
        </test-method> <!-- executeAfterClass -->
      </class> <!-- endtoend.LoginScenarios -->
    </test> <!-- Test -->
  </suite> <!-- Suite -->
</testng-results>
