<?xml version="1.0" encoding="UTF-8"?>
<testsuite xmlns:xsi="http://www.w3.org/2001/XMLSchema-instance" xsi:noNamespaceSchemaLocation="https://maven.apache.org/surefire/maven-surefire-plugin/xsd/surefire-test-report-3.0.xsd" version="3.0" name="TestSuite" time="40.194" tests="3" errors="0" skipped="0" failures="0">
  <properties>
[...]
</properties>
  <testcase name="validCredentials" classname="endtoend.LoginScenarios" time="4.173">
    <system-out><![CDATA[Test Suite started!
validCredentials started!
[INFO ] 2024-01-16 13:25:02.198 [main] LoginScenarios - Clicked login button
[INFO ] 2024-01-16 13:25:02.217 [main] LoginScenarios - Login page opened
[INFO ] 2024-01-16 13:25:02.450 [main] LoginScenarios - Email Entered
[INFO ] 2024-01-16 13:25:02.551 [main] LoginScenarios - Password Entered
[INFO ] 2024-01-16 13:25:05.201 [main] LoginScenarios - Clicked login button
]]></system-out>
    <system-err><![CDATA[Jan 16, 2024 1:24:53 PM org.openqa.selenium.devtools.CdpVersionFinder findNearestMatch
WARNING: Unable to find an exact match for CDP version 120, returning the closest version; found: 119; Please update to a Selenium version that supports CDP version 120
]]></system-err>
  </testcase>
  <testcase name="invalidPassword" classname="endtoend.LoginScenarios" time="4.911">
    <system-out><![CDATA[validCredentials passed!
invalidPassword started!
[INFO ] 2024-01-16 13:25:15.347 [main] LoginScenarios - Clicked login button
[INFO ] 2024-01-16 13:25:15.348 [main] LoginScenarios - Login page opened
[INFO ] 2024-01-16 13:25:15.505 [main] LoginScenarios - Email Entered
[INFO ] 2024-01-16 13:25:15.600 [main] LoginScenarios - Password Entered
[INFO ] 2024-01-16 13:25:17.816 [main] LoginScenarios - Clicked login button
]]></system-out>
    <system-err><![CDATA[Jan 16, 2024 1:25:07 PM org.openqa.selenium.devtools.CdpVersionFinder findNearestMatch
WARNING: Unable to find an exact match for CDP version 120, returning the closest version; found: 119; Please update to a Selenium version that supports CDP version 120
]]></system-err>
  </testcase>
  <testcase name="invalidEmail" classname="endtoend.LoginScenarios" time="3.385">
    <system-out><![CDATA[invalidPassword passed!
invalidEmail started!
[INFO ] 2024-01-16 13:25:27.096 [main] LoginScenarios - Clicked login button
[INFO ] 2024-01-16 13:25:27.098 [main] LoginScenarios - Login page opened
[INFO ] 2024-01-16 13:25:27.265 [main] LoginScenarios - Email Entered
[INFO ] 2024-01-16 13:25:27.359 [main] LoginScenarios - Password Entered
[INFO ] 2024-01-16 13:25:29.481 [main] LoginScenarios - Clicked login button
]]></system-out>
    <system-err><![CDATA[Jan 16, 2024 1:25:19 PM org.openqa.selenium.devtools.CdpVersionFinder findNearestMatch
WARNING: Unable to find an exact match for CDP version 120, returning the closest version; found: 119; Please update to a Selenium version that supports CDP version 120
]]></system-err>
  </testcase>
</testsuite>