<?xml version="1.0" encoding="UTF-8"?>
<testsuite xmlns:xsi="http://www.w3.org/2001/XMLSchema-instance" xsi:noNamespaceSchemaLocation="https://maven.apache.org/surefire/maven-surefire-plugin/xsd/surefire-test-report-3.0.xsd" version="3.0" name="TestSuite" time="172.095" tests="10" errors="0" skipped="0" failures="0">
  <properties>
[...]
</properties>
  <testcase name="createWaitList[Robert, 564582549, Smith@yopmail.com](1)" classname="endtoend.Create_Edit_delete_waitlist" time="17.193">
    <system-out><![CDATA[Test Suite started!
createWaitList started!
[INFO ] 2024-01-22 18:00:40.850 [main] Create_Edit_delete_waitlist - Clicked login button
[INFO ] 2024-01-22 18:00:42.107 [main] Create_Edit_delete_waitlist - Entered email
[INFO ] 2024-01-22 18:00:43.353 [main] Create_Edit_delete_waitlist - Entered password
[INFO ] 2024-01-22 18:00:46.279 [main] Create_Edit_delete_waitlist - Clicked login button
[INFO ] 2024-01-22 18:00:55.779 [main] Create_Edit_delete_waitlist - Clicked waitlist link
]]></system-out>
  </testcase>
  <testcase name="deleteParty[Robert, 564582549, Smith@yopmail.com](1)" classname="endtoend.Create_Edit_delete_waitlist" time="18.681">
    <system-out><![CDATA[createWaitList passed!
deleteParty started!
[INFO ] 2024-01-22 18:01:06.903 [main] Create_Edit_delete_waitlist - Clicked waitlistparty link
[INFO ] 2024-01-22 18:01:09.702 [main] Create_Edit_delete_waitlist - Clicked delete button
[INFO ] 2024-01-22 18:01:11.470 [main] Create_Edit_delete_waitlist - Clicked no button
[INFO ] 2024-01-22 18:01:12.668 [main] Create_Edit_delete_waitlist - Clicked delete button
[INFO ] 2024-01-22 18:01:14.474 [main] Create_Edit_delete_waitlist - Clicked yes button
]]></system-out>
  </testcase>
  <testcase name="checkHistory[Robert, 564582549, Smith@yopmail.com](1)" classname="endtoend.Create_Edit_delete_waitlist" time="4.781">
    <system-out><![CDATA[deleteParty passed!
checkHistory started!
[INFO ] 2024-01-22 18:01:15.660 [main] Create_Edit_delete_waitlist - Clicked show history button
[INFO ] 2024-01-22 18:01:19.258 [main] Create_Edit_delete_waitlist - Clicked waitlist party in history tab
]]></system-out>
  </testcase>
  <testcase name="restoreParty[Robert, 564582549, Smith@yopmail.com](1)" classname="endtoend.Create_Edit_delete_waitlist" time="7.098">
    <system-out><![CDATA[checkHistory passed!
restoreParty started!
[INFO ] 2024-01-22 18:01:26.353 [main] Create_Edit_delete_waitlist - Clicked waitlist link
]]></system-out>
  </testcase>
  <testcase name="editParty[Robert, 564582549, Smith@yopmail.com](1)" classname="endtoend.Create_Edit_delete_waitlist" time="25.175">
    <system-out><![CDATA[restoreParty passed!
editParty started!
[INFO ] 2024-01-22 18:01:28.476 [main] Create_Edit_delete_waitlist - Clicked edit waitlist party button
[INFO ] 2024-01-22 18:01:31.226 [main] Create_Edit_delete_waitlist - Cleared name text field
[INFO ] 2024-01-22 18:01:32.571 [main] Create_Edit_delete_waitlist - Entered Name
[INFO ] 2024-01-22 18:01:33.790 [main] Create_Edit_delete_waitlist - Cleared phone text field
[INFO ] 2024-01-22 18:01:35.101 [main] Create_Edit_delete_waitlist - Entered Phone number
[INFO ] 2024-01-22 18:01:36.377 [main] Create_Edit_delete_waitlist - Cleared email text field
[INFO ] 2024-01-22 18:01:37.803 [main] Create_Edit_delete_waitlist - Entered Email
[INFO ] 2024-01-22 18:01:39.008 [main] Create_Edit_delete_waitlist - Cleared notes text field
[INFO ] 2024-01-22 18:01:40.261 [main] Create_Edit_delete_waitlist - Entered notes in notes text field
[INFO ] 2024-01-22 18:01:41.625 [main] Create_Edit_delete_waitlist - Entered time in quoted duration
[INFO ] 2024-01-22 18:01:42.953 [main] Create_Edit_delete_waitlist - Clicked update link
[INFO ] 2024-01-22 18:01:44.790 [main] Create_Edit_delete_waitlist - Clicked  assignment link
[INFO ] 2024-01-22 18:01:46.103 [main] Create_Edit_delete_waitlist - Clicked done button
[INFO ] 2024-01-22 18:01:47.859 [main] Create_Edit_delete_waitlist - Cleared member size
[INFO ] 2024-01-22 18:01:49.116 [main] Create_Edit_delete_waitlist - Entered member size
[INFO ] 2024-01-22 18:01:50.324 [main] Create_Edit_delete_waitlist - Clicked color code for status
]]></system-out>
  </testcase>
  <testcase name="createWaitList[Richard, 654879879, Richard@yopmail.com](1)" classname="endtoend.CreateEditDeleteEtaWaitlist" time="15.285">
    <system-out><![CDATA[editParty passed!
createWaitList started!
[INFO ] 2024-01-22 18:02:01.426 [main] Create_Edit_delete_waitlist - Clicked login button
[INFO ] 2024-01-22 18:02:02.734 [main] Create_Edit_delete_waitlist - Entered email
[INFO ] 2024-01-22 18:02:03.920 [main] Create_Edit_delete_waitlist - Entered password
[INFO ] 2024-01-22 18:02:06.940 [main] Create_Edit_delete_waitlist - Clicked login button
[INFO ] 2024-01-22 18:02:14.538 [main] Create_Edit_delete_waitlist - Clicked waitlist link
]]></system-out>
  </testcase>
  <testcase name="deleteParty[Richard, 654879879, Richard@yopmail.com](1)" classname="endtoend.CreateEditDeleteEtaWaitlist" time="15.395">
    <system-out><![CDATA[createWaitList passed!
deleteParty started!
[INFO ] 2024-01-22 18:02:22.502 [main] Create_Edit_delete_waitlist - Clicked waitlistparty link
[INFO ] 2024-01-22 18:02:25.270 [main] Create_Edit_delete_waitlist - Clicked delete button
[INFO ] 2024-01-22 18:02:26.998 [main] Create_Edit_delete_waitlist - Clicked no button
[INFO ] 2024-01-22 18:02:28.193 [main] Create_Edit_delete_waitlist - Clicked delete button
[INFO ] 2024-01-22 18:02:29.937 [main] Create_Edit_delete_waitlist - Clicked yes button
]]></system-out>
  </testcase>
  <testcase name="checkHistory[Richard, 654879879, Richard@yopmail.com](1)" classname="endtoend.CreateEditDeleteEtaWaitlist" time="9.709">
    <system-out><![CDATA[deleteParty passed!
checkHistory started!
[INFO ] 2024-01-22 18:02:31.143 [main] Create_Edit_delete_waitlist - Clicked show history button
[INFO ] 2024-01-22 18:02:37.312 [main] Create_Edit_delete_waitlist - Clicked waitlist party in history tab
[INFO ] 2024-01-22 18:02:39.647 [main] Create_Edit_delete_waitlist - Clicked return to waitlist button
]]></system-out>
  </testcase>
  <testcase name="restoreParty[Richard, 654879879, Richard@yopmail.com](1)" classname="endtoend.CreateEditDeleteEtaWaitlist" time="14.263">
    <system-out><![CDATA[checkHistory passed!
restoreParty started!
[INFO ] 2024-01-22 18:02:53.910 [main] Create_Edit_delete_waitlist - Clicked waitlist link
]]></system-out>
  </testcase>
  <testcase name="editParty[Richard, 654879879, Richard@yopmail.com](1)" classname="endtoend.CreateEditDeleteEtaWaitlist" time="26.604">
    <system-out><![CDATA[restoreParty passed!
editParty started!
[INFO ] 2024-01-22 18:02:58.862 [main] Create_Edit_delete_waitlist - Clicked edit waitlist party button
[INFO ] 2024-01-22 18:03:01.619 [main] Create_Edit_delete_waitlist - Cleared name text field
[INFO ] 2024-01-22 18:03:02.993 [main] Create_Edit_delete_waitlist - Entered Name
[INFO ] 2024-01-22 18:03:04.154 [main] Create_Edit_delete_waitlist - Cleared phone text field
[INFO ] 2024-01-22 18:03:05.486 [main] Create_Edit_delete_waitlist - Entered Phone number
[INFO ] 2024-01-22 18:03:06.712 [main] Create_Edit_delete_waitlist - Cleared email text field
[INFO ] 2024-01-22 18:03:08.146 [main] Create_Edit_delete_waitlist - Entered Email
[INFO ] 2024-01-22 18:03:09.377 [main] Create_Edit_delete_waitlist - Cleared notes text field
[INFO ] 2024-01-22 18:03:10.596 [main] Create_Edit_delete_waitlist - Entered notes in notes text field
[INFO ] 2024-01-22 18:03:11.947 [main] Create_Edit_delete_waitlist - Clicked update link
[INFO ] 2024-01-22 18:03:13.738 [main] Create_Edit_delete_waitlist - Clicked  assignment link
[INFO ] 2024-01-22 18:03:15.029 [main] Create_Edit_delete_waitlist - Clicked done button
[INFO ] 2024-01-22 18:03:16.806 [main] Create_Edit_delete_waitlist - Cleared member size
[INFO ] 2024-01-22 18:03:18.045 [main] Create_Edit_delete_waitlist - Entered member size
[INFO ] 2024-01-22 18:03:19.279 [main] Create_Edit_delete_waitlist - Clicked color code for status
]]></system-out>
  </testcase>
</testsuite>