<?xml version="1.0" encoding="UTF-8"?>
<testng-results ignored="0" total="3" passed="3" failed="0" skipped="0">
  <reporter-output>
  </reporter-output>
  <suite started-at="2024-01-16T13:24:51 IST" name="Suite" finished-at="2024-01-16T13:25:29 IST" duration-ms="38457">
    <groups>
    </groups>
    <test started-at="2024-01-16T13:24:51 IST" name="Test" finished-at="2024-01-16T13:25:29 IST" duration-ms="38457">
      <class name="endtoend.LoginScenarios">
        <test-method is-config="true" signature="executeBeforeClass()[pri:0, instance:endtoend.LoginScenarios@704f1591]" started-at="2024-01-16T13:24:51 IST" name="executeBeforeClass" finished-at="2024-01-16T13:25:01 IST" duration-ms="9578" status="PASS">
          <reporter-output>
          </reporter-output>
        </test-method> <!-- executeBeforeClass -->
        <test-method signature="validCredentials()[pri:1, instance:endtoend.LoginScenarios@704f1591]" started-at="2024-01-16T13:25:01 IST" name="validCredentials" finished-at="2024-01-16T13:25:05 IST" duration-ms="4165" status="PASS">
          <reporter-output>
          </reporter-output>
        </test-method> <!-- validCredentials -->
        <test-method is-config="true" signature="executeAfterClass()[pri:0, instance:endtoend.LoginScenarios@704f1591]" started-at="2024-01-16T13:25:05 IST" name="executeAfterClass" finished-at="2024-01-16T13:25:05 IST" duration-ms="466" status="PASS">
          <reporter-output>
          </reporter-output>
        </test-method> <!-- executeAfterClass -->
        <test-method is-config="true" signature="executeBeforeClass()[pri:0, instance:endtoend.LoginScenarios@704f1591]" started-at="2024-01-16T13:25:05 IST" name="executeBeforeClass" finished-at="2024-01-16T13:25:12 IST" duration-ms="7194" status="PASS">
          <reporter-output>
          </reporter-output>
        </test-method> <!-- executeBeforeClass -->
        <test-method signature="invalidPassword()[pri:2, instance:endtoend.LoginScenarios@704f1591]" started-at="2024-01-16T13:25:12 IST" name="invalidPassword" finished-at="2024-01-16T13:25:17 IST" duration-ms="4913" status="PASS">
          <reporter-output>
          </reporter-output>
        </test-method> <!-- invalidPassword -->
        <test-method is-config="true" signature="executeAfterClass()[pri:0, instance:endtoend.LoginScenarios@704f1591]" started-at="2024-01-16T13:25:17 IST" name="executeAfterClass" finished-at="2024-01-16T13:25:18 IST" duration-ms="447" status="PASS">
          <reporter-output>
          </reporter-output>
        </test-method> <!-- executeAfterClass -->
        <test-method is-config="true" signature="executeBeforeClass()[pri:0, instance:endtoend.LoginScenarios@704f1591]" started-at="2024-01-16T13:25:18 IST" name="executeBeforeClass" finished-at="2024-01-16T13:25:26 IST" duration-ms="7827" status="PASS">
          <reporter-output>
          </reporter-output>
        </test-method> <!-- executeBeforeClass -->
        <test-method signature="invalidEmail()[pri:3, instance:endtoend.LoginScenarios@704f1591]" started-at="2024-01-16T13:25:26 IST" name="invalidEmail" finished-at="2024-01-16T13:25:29 IST" duration-ms="3384" status="PASS">
          <reporter-output>
          </reporter-output>
        </test-method> <!-- invalidEmail -->
        <test-method is-config="true" signature="executeAfterClass()[pri:0, instance:endtoend.LoginScenarios@704f1591]" started-at="2024-01-16T13:25:29 IST" name="executeAfterClass" finished-at="2024-01-16T13:25:29 IST" duration-ms="412" status="PASS">
          <reporter-output>
          </reporter-output>
        </test-method> <!-- executeAfterClass -->
      </class> <!-- endtoend.LoginScenarios -->
    </test> <!-- Test -->
  </suite> <!-- Suite -->
</testng-results>
