<?xml version="1.0" encoding="UTF-8"?>
<testng-results ignored="0" total="10" passed="10" failed="0" skipped="0">
  <reporter-output>
  </reporter-output>
  <suite started-at="2024-01-20T11:22:11 IST" name="Suite" finished-at="2024-01-20T11:23:59 IST" duration-ms="107437">
    <groups>
    </groups>
    <test started-at="2024-01-20T11:22:11 IST" name="Test" finished-at="2024-01-20T11:23:59 IST" duration-ms="107437">
      <class name="endtoend.CreateEditDeleteEtaWaitlist">
        <test-method is-config="true" signature="executeBeforeTest()[pri:0, instance:endtoend.CreateEditDeleteEtaWaitlist@4e4efc1b]" started-at="2024-01-20T11:23:12 IST" name="executeBeforeTest" finished-at="2024-01-20T11:23:19 IST" duration-ms="7322" status="PASS">
          <reporter-output>
          </reporter-output>
        </test-method> <!-- executeBeforeTest -->
        <test-method signature="createWaitList(java.lang.String,java.lang.String,java.lang.String)[pri:1, instance:endtoend.CreateEditDeleteEtaWaitlist@4e4efc1b]" started-at="2024-01-20T11:23:19 IST" name="createWaitList" data-provider="testDataProvider" finished-at="2024-01-20T11:23:32 IST" duration-ms="12825" status="PASS">
          <params>
            <param index="0">
              <value>
                <![CDATA[Richard]]>
              </value>
            </param>
            <param index="1">
              <value>
                <![CDATA[654879879]]>
              </value>
            </param>
            <param index="2">
              <value>
                <![CDATA[Richard@yopmail.com]]>
              </value>
            </param>
          </params>
          <reporter-output>
          </reporter-output>
        </test-method> <!-- createWaitList -->
        <test-method signature="deleteParty(java.lang.String,java.lang.String,java.lang.String)[pri:2, instance:endtoend.CreateEditDeleteEtaWaitlist@4e4efc1b]" started-at="2024-01-20T11:23:32 IST" name="deleteParty" data-provider="testDataProvider" finished-at="2024-01-20T11:23:37 IST" duration-ms="4610" status="PASS">
          <params>
            <param index="0">
              <value>
                <![CDATA[Richard]]>
              </value>
            </param>
            <param index="1">
              <value>
                <![CDATA[654879879]]>
              </value>
            </param>
            <param index="2">
              <value>
                <![CDATA[Richard@yopmail.com]]>
              </value>
            </param>
          </params>
          <reporter-output>
          </reporter-output>
        </test-method> <!-- deleteParty -->
        <test-method signature="checkHistory(java.lang.String,java.lang.String,java.lang.String)[pri:3, instance:endtoend.CreateEditDeleteEtaWaitlist@4e4efc1b]" started-at="2024-01-20T11:23:37 IST" name="checkHistory" data-provider="testDataProvider" finished-at="2024-01-20T11:23:43 IST" duration-ms="6228" status="PASS">
          <params>
            <param index="0">
              <value>
                <![CDATA[Richard]]>
              </value>
            </param>
            <param index="1">
              <value>
                <![CDATA[654879879]]>
              </value>
            </param>
            <param index="2">
              <value>
                <![CDATA[Richard@yopmail.com]]>
              </value>
            </param>
          </params>
          <reporter-output>
          </reporter-output>
        </test-method> <!-- checkHistory -->
        <test-method signature="restoreParty(java.lang.String,java.lang.String,java.lang.String)[pri:4, instance:endtoend.CreateEditDeleteEtaWaitlist@4e4efc1b]" started-at="2024-01-20T11:23:43 IST" name="restoreParty" data-provider="testDataProvider" finished-at="2024-01-20T11:23:49 IST" duration-ms="6261" status="PASS">
          <params>
            <param index="0">
              <value>
                <![CDATA[Richard]]>
              </value>
            </param>
            <param index="1">
              <value>
                <![CDATA[654879879]]>
              </value>
            </param>
            <param index="2">
              <value>
                <![CDATA[Richard@yopmail.com]]>
              </value>
            </param>
          </params>
          <reporter-output>
          </reporter-output>
        </test-method> <!-- restoreParty -->
        <test-method signature="editParty(java.lang.String,java.lang.String,java.lang.String)[pri:5, instance:endtoend.CreateEditDeleteEtaWaitlist@4e4efc1b]" started-at="2024-01-20T11:23:49 IST" name="editParty" data-provider="testDataProvider" finished-at="2024-01-20T11:23:58 IST" duration-ms="9040" status="PASS">
          <params>
            <param index="0">
              <value>
                <![CDATA[Richard]]>
              </value>
            </param>
            <param index="1">
              <value>
                <![CDATA[654879879]]>
              </value>
            </param>
            <param index="2">
              <value>
                <![CDATA[Richard@yopmail.com]]>
              </value>
            </param>
          </params>
          <reporter-output>
          </reporter-output>
        </test-method> <!-- editParty -->
        <test-method is-config="true" signature="executeAfterTest()[pri:0, instance:endtoend.CreateEditDeleteEtaWaitlist@4e4efc1b]" started-at="2024-01-20T11:23:58 IST" name="executeAfterTest" finished-at="2024-01-20T11:23:59 IST" duration-ms="446" status="PASS">
          <reporter-output>
          </reporter-output>
        </test-method> <!-- executeAfterTest -->
      </class> <!-- endtoend.CreateEditDeleteEtaWaitlist -->
      <class name="endtoend.Create_Edit_delete_waitlist">
        <test-method is-config="true" signature="executeBeforeTest()[pri:0, instance:endtoend.Create_Edit_delete_waitlist@1a69561c]" started-at="2024-01-20T11:22:11 IST" name="executeBeforeTest" finished-at="2024-01-20T11:22:22 IST" duration-ms="10233" status="PASS">
          <reporter-output>
          </reporter-output>
        </test-method> <!-- executeBeforeTest -->
        <test-method signature="createWaitList(java.lang.String,java.lang.String,java.lang.String)[pri:1, instance:endtoend.Create_Edit_delete_waitlist@1a69561c]" started-at="2024-01-20T11:22:22 IST" name="createWaitList" data-provider="testDataProvider" finished-at="2024-01-20T11:22:39 IST" duration-ms="16957" status="PASS">
          <params>
            <param index="0">
              <value>
                <![CDATA[Smith]]>
              </value>
            </param>
            <param index="1">
              <value>
                <![CDATA[564582549]]>
              </value>
            </param>
            <param index="2">
              <value>
                <![CDATA[Smith@yopmail.com]]>
              </value>
            </param>
          </params>
          <reporter-output>
          </reporter-output>
        </test-method> <!-- createWaitList -->
        <test-method signature="deleteParty(java.lang.String,java.lang.String,java.lang.String)[pri:2, instance:endtoend.Create_Edit_delete_waitlist@1a69561c]" started-at="2024-01-20T11:22:39 IST" name="deleteParty" data-provider="testDataProvider" finished-at="2024-01-20T11:22:51 IST" duration-ms="12498" status="PASS">
          <params>
            <param index="0">
              <value>
                <![CDATA[Smith]]>
              </value>
            </param>
            <param index="1">
              <value>
                <![CDATA[564582549]]>
              </value>
            </param>
            <param index="2">
              <value>
                <![CDATA[Smith@yopmail.com]]>
              </value>
            </param>
          </params>
          <reporter-output>
          </reporter-output>
        </test-method> <!-- deleteParty -->
        <test-method signature="checkHistory(java.lang.String,java.lang.String,java.lang.String)[pri:3, instance:endtoend.Create_Edit_delete_waitlist@1a69561c]" started-at="2024-01-20T11:22:51 IST" name="checkHistory" data-provider="testDataProvider" finished-at="2024-01-20T11:22:55 IST" duration-ms="4206" status="PASS">
          <params>
            <param index="0">
              <value>
                <![CDATA[Smith]]>
              </value>
            </param>
            <param index="1">
              <value>
                <![CDATA[564582549]]>
              </value>
            </param>
            <param index="2">
              <value>
                <![CDATA[Smith@yopmail.com]]>
              </value>
            </param>
          </params>
          <reporter-output>
          </reporter-output>
        </test-method> <!-- checkHistory -->
        <test-method signature="restoreParty(java.lang.String,java.lang.String,java.lang.String)[pri:4, instance:endtoend.Create_Edit_delete_waitlist@1a69561c]" started-at="2024-01-20T11:22:55 IST" name="restoreParty" data-provider="testDataProvider" finished-at="2024-01-20T11:23:04 IST" duration-ms="8903" status="PASS">
          <params>
            <param index="0">
              <value>
                <![CDATA[Smith]]>
              </value>
            </param>
            <param index="1">
              <value>
                <![CDATA[564582549]]>
              </value>
            </param>
            <param index="2">
              <value>
                <![CDATA[Smith@yopmail.com]]>
              </value>
            </param>
          </params>
          <reporter-output>
          </reporter-output>
        </test-method> <!-- restoreParty -->
        <test-method signature="editParty(java.lang.String,java.lang.String,java.lang.String)[pri:5, instance:endtoend.Create_Edit_delete_waitlist@1a69561c]" started-at="2024-01-20T11:23:04 IST" name="editParty" data-provider="testDataProvider" finished-at="2024-01-20T11:23:12 IST" duration-ms="7370" status="PASS">
          <params>
            <param index="0">
              <value>
                <![CDATA[Smith]]>
              </value>
            </param>
            <param index="1">
              <value>
                <![CDATA[564582549]]>
              </value>
            </param>
            <param index="2">
              <value>
                <![CDATA[Smith@yopmail.com]]>
              </value>
            </param>
          </params>
          <reporter-output>
          </reporter-output>
        </test-method> <!-- editParty -->
        <test-method is-config="true" signature="executeAfterTest()[pri:0, instance:endtoend.Create_Edit_delete_waitlist@1a69561c]" started-at="2024-01-20T11:23:12 IST" name="executeAfterTest" finished-at="2024-01-20T11:23:12 IST" duration-ms="442" status="PASS">
          <reporter-output>
          </reporter-output>
        </test-method> <!-- executeAfterTest -->
      </class> <!-- endtoend.Create_Edit_delete_waitlist -->
    </test> <!-- Test -->
  </suite> <!-- Suite -->
</testng-results>
