<?xml version="1.0" encoding="UTF-8"?>
<testng-results ignored="0" total="3" passed="3" failed="0" skipped="0">
  <reporter-output>
  </reporter-output>
  <suite started-at="2024-01-15T11:17:18 IST" name="Suite" finished-at="2024-01-15T11:18:02 IST" duration-ms="44412">
    <groups>
    </groups>
    <test started-at="2024-01-15T11:17:18 IST" name="Test" finished-at="2024-01-15T11:18:02 IST" duration-ms="44412">
      <class name="endtoend.LoginScenarios">
        <test-method is-config="true" signature="executeBeforeClass()[pri:0, instance:endtoend.LoginScenarios@299266e2]" started-at="2024-01-15T11:17:18 IST" name="executeBeforeClass" finished-at="2024-01-15T11:17:29 IST" duration-ms="11258" status="PASS">
          <reporter-output>
          </reporter-output>
        </test-method> <!-- executeBeforeClass -->
        <test-method signature="validCredentials()[pri:1, instance:endtoend.LoginScenarios@299266e2]" started-at="2024-01-15T11:17:29 IST" name="validCredentials" finished-at="2024-01-15T11:17:36 IST" duration-ms="7391" status="PASS">
          <reporter-output>
          </reporter-output>
        </test-method> <!-- validCredentials -->
        <test-method is-config="true" signature="executeAfterClass()[pri:0, instance:endtoend.LoginScenarios@299266e2]" started-at="2024-01-15T11:17:36 IST" name="executeAfterClass" finished-at="2024-01-15T11:17:37 IST" duration-ms="443" status="PASS">
          <reporter-output>
          </reporter-output>
        </test-method> <!-- executeAfterClass -->
        <test-method is-config="true" signature="executeBeforeClass()[pri:0, instance:endtoend.LoginScenarios@299266e2]" started-at="2024-01-15T11:17:37 IST" name="executeBeforeClass" finished-at="2024-01-15T11:17:46 IST" duration-ms="9400" status="PASS">
          <reporter-output>
          </reporter-output>
        </test-method> <!-- executeBeforeClass -->
        <test-method signature="invalidPassword()[pri:2, instance:endtoend.LoginScenarios@299266e2]" started-at="2024-01-15T11:17:46 IST" name="invalidPassword" finished-at="2024-01-15T11:17:50 IST" duration-ms="3934" status="PASS">
          <reporter-output>
          </reporter-output>
        </test-method> <!-- invalidPassword -->
        <test-method is-config="true" signature="executeAfterClass()[pri:0, instance:endtoend.LoginScenarios@299266e2]" started-at="2024-01-15T11:17:50 IST" name="executeAfterClass" finished-at="2024-01-15T11:17:51 IST" duration-ms="440" status="PASS">
          <reporter-output>
          </reporter-output>
        </test-method> <!-- executeAfterClass -->
        <test-method is-config="true" signature="executeBeforeClass()[pri:0, instance:endtoend.LoginScenarios@299266e2]" started-at="2024-01-15T11:17:51 IST" name="executeBeforeClass" finished-at="2024-01-15T11:17:58 IST" duration-ms="7647" status="PASS">
          <reporter-output>
          </reporter-output>
        </test-method> <!-- executeBeforeClass -->
        <test-method signature="invalidEmail()[pri:3, instance:endtoend.LoginScenarios@299266e2]" started-at="2024-01-15T11:17:58 IST" name="invalidEmail" finished-at="2024-01-15T11:18:02 IST" duration-ms="3438" status="PASS">
          <reporter-output>
          </reporter-output>
        </test-method> <!-- invalidEmail -->
        <test-method is-config="true" signature="executeAfterClass()[pri:0, instance:endtoend.LoginScenarios@299266e2]" started-at="2024-01-15T11:18:02 IST" name="executeAfterClass" finished-at="2024-01-15T11:18:02 IST" duration-ms="395" status="PASS">
          <reporter-output>
          </reporter-output>
        </test-method> <!-- executeAfterClass -->
      </class> <!-- endtoend.LoginScenarios -->
    </test> <!-- Test -->
  </suite> <!-- Suite -->
</testng-results>
